Building DAG of jobs...
Using shell: /usr/bin/bash
Provided cores: 96
Rules claiming more threads will be scaled down.
Provided resources: mem_mb=10000, mem_mib=9537, disk_mb=1000, disk_mib=954
Select jobs to execute...

[Fri Nov  8 17:15:22 2024]
rule netmhcpan:
    input: data/fastafiles/mhcii-1dhamming/peptides_I-Au_11.fasta
    output: data/predictions/mhcii-1dhamming/netMHCpan_I-Au_11.txt
    jobid: 0
    reason: Missing output files: data/predictions/mhcii-1dhamming/netMHCpan_I-Au_11.txt
    wildcards: distance=mhcii-1dhamming, mhc=I-Au, plength=11
    resources: mem_mb=10000, mem_mib=9537, disk_mb=1000, disk_mib=954, tmpdir=/tmp/9042282.1.comp.q


        if [[ classII == "classII" ]]; then
            netMHCIIpan -f data/fastafiles/mhcii-1dhamming/peptides_I-Au_11.fasta                 -length 11                 -a  I-Au                 -BA                 > data/predictions/mhcii-1dhamming/netMHCpan_I-Au_11.txt
        else
            netMHCpan -f data/fastafiles/mhcii-1dhamming/peptides_I-Au_11.fasta                 -l 11                 -a  I-Au                 -BA                 > data/predictions/mhcii-1dhamming/netMHCpan_I-Au_11.txt
        fi
        
[Fri Nov  8 17:15:23 2024]
Finished job 0.
1 of 1 steps (100%) done
