Building DAG of jobs...
Using shell: /usr/bin/bash
Provided cores: 96
Rules claiming more threads will be scaled down.
Provided resources: mem_mb=10000, mem_mib=9537, disk_mb=1000, disk_mib=954
Select jobs to execute...

[Mon Nov 11 13:06:49 2024]
rule netmhcpan:
    input: data/fastafiles/mhcii-1dhamming/peptides_H-2-IAb_13.fasta
    output: data/predictions/mhcii-1dhamming/netMHCpan_H-2-IAb_13.txt
    jobid: 0
    reason: Missing output files: data/predictions/mhcii-1dhamming/netMHCpan_H-2-IAb_13.txt
    wildcards: distance=mhcii-1dhamming, mhc=H-2-IAb, plength=13
    resources: mem_mb=10000, mem_mib=9537, disk_mb=1000, disk_mib=954, tmpdir=/tmp/9045423.1.comp.q


        if [[ classII == "classII" ]]; then
            netMHCIIpan -f data/fastafiles/mhcii-1dhamming/peptides_H-2-IAb_13.fasta                 -length 13                 -a  H-2-IAb                 -BA                 > data/predictions/mhcii-1dhamming/netMHCpan_H-2-IAb_13.txt
        else
            netMHCpan -f data/fastafiles/mhcii-1dhamming/peptides_H-2-IAb_13.fasta                 -l 13                 -a  H-2-IAb                 -BA                 > data/predictions/mhcii-1dhamming/netMHCpan_H-2-IAb_13.txt
        fi
        
[Mon Nov 11 13:07:06 2024]
Finished job 0.
1 of 1 steps (100%) done
