Building DAG of jobs...
Using shell: /usr/bin/bash
Provided cores: 96
Rules claiming more threads will be scaled down.
Provided resources: mem_mb=1000, mem_mib=954, disk_mb=1000, disk_mib=954
Select jobs to execute...

[Fri Nov  1 15:19:42 2024]
rule combine:
    input: data/predictions/multihamming/netMHCpan_HLA-A2402_10_formated.csv, data/predictions/multihamming/netMHCpan_HLA-A0101_9_formated.csv, data/predictions/multihamming/netMHCpan_HLA-A0201_10_formated.csv, data/predictions/multihamming/netMHCpan_HLA-A0201_9_formated.csv
    output: data/predictions/netMHCpan_formated_multihamming.csv
    jobid: 0
    reason: Missing output files: data/predictions/netMHCpan_formated_multihamming.csv
    wildcards: distance=multihamming
    resources: mem_mb=1000, mem_mib=954, disk_mb=1000, disk_mib=954, tmpdir=/tmp/9027975.1.comp.q


        echo "Pos,MHC,Peptide,Core,Of,Gp,Gl,Ip,Il,Icore,Identity,Score_EL,Rank_EL,Score_BA,Rank_BA,Aff_nM,BindLevel"> data/predictions/netMHCpan_formated_multihamming.csv
        for file in data/predictions/multihamming/netMHCpan_HLA-A2402_10_formated.csv data/predictions/multihamming/netMHCpan_HLA-A0101_9_formated.csv data/predictions/multihamming/netMHCpan_HLA-A0201_10_formated.csv data/predictions/multihamming/netMHCpan_HLA-A0201_9_formated.csv; do
            tail -n +2 $file >> data/predictions/netMHCpan_formated_multihamming.csv
        done
        
[Fri Nov  1 15:19:42 2024]
Finished job 0.
1 of 1 steps (100%) done
