Building DAG of jobs...
Using shell: /usr/bin/bash
Provided cores: 96
Rules claiming more threads will be scaled down.
Provided resources: mem_mb=1000, mem_mib=954, disk_mb=1000, disk_mib=954
Select jobs to execute...

[Mon Nov 11 14:38:26 2024]
rule combine:
    input: data/predictions/mhcii-1dhamming/netMHCpan_H-2-IAu_11_formated.csv, data/predictions/mhcii-1dhamming/netMHCpan_H-2-IAb_13_formated.csv, data/predictions/mhcii-1dhamming/netMHCpan_DRB1_0401_20_formated.csv, data/predictions/mhcii-1dhamming/netMHCpan_DRB1_1101_20_formated.csv
    output: data/predictions/netMHCpan_formated_mhcii-1dhamming.csv
    jobid: 0
    reason: Missing output files: data/predictions/netMHCpan_formated_mhcii-1dhamming.csv
    wildcards: distance=mhcii-1dhamming
    resources: mem_mb=1000, mem_mib=954, disk_mb=1000, disk_mib=954, tmpdir=/tmp/9046111.1.comp.q


        echo "Pos,MHC,Peptide,Core,Of,Gp,Gl,Ip,Il,Icore,Identity,Score_EL,Rank_EL,Score_BA,Rank_BA,Aff_nM,BindLevel"> data/predictions/netMHCpan_formated_mhcii-1dhamming.csv
        for file in data/predictions/mhcii-1dhamming/netMHCpan_H-2-IAu_11_formated.csv data/predictions/mhcii-1dhamming/netMHCpan_H-2-IAb_13_formated.csv data/predictions/mhcii-1dhamming/netMHCpan_DRB1_0401_20_formated.csv data/predictions/mhcii-1dhamming/netMHCpan_DRB1_1101_20_formated.csv; do
            tail -n +2 $file >> data/predictions/netMHCpan_formated_mhcii-1dhamming.csv
        done
        
[Mon Nov 11 14:38:27 2024]
Finished job 0.
1 of 1 steps (100%) done
